<?xml version="1.0" encoding="UTF-8"?>
<testng-results skipped="0" failed="0" total="1" passed="1">
  <reporter-output>
  </reporter-output>
  <suite name="Default suite" duration-ms="152" started-at="2020-01-02T00:57:43Z" finished-at="2020-01-02T00:57:43Z">
    <groups>
    </groups>
    <test name="Default test" duration-ms="152" started-at="2020-01-02T00:57:43Z" finished-at="2020-01-02T00:57:43Z">
      <class name="selinum.TestExample">
        <test-method status="PASS" signature="login()[pri:0, instance:selinum.TestExample@548b7f67]" name="login" duration-ms="35" started-at="2020-01-01T19:57:43Z" finished-at="2020-01-01T19:57:43Z">
          <reporter-output>
          </reporter-output>
        </test-method> <!-- login -->
      </class> <!-- selinum.TestExample -->
    </test> <!-- Default test -->
  </suite> <!-- Default suite -->
</testng-results>
